<?xml version="1.0" encoding="UTF-8"?>
<!-- Generated by org.testng.reporters.JUnitReportReporter -->
<testsuite hostname="hcx-PC" name="TestModule1.TestMavenSureFirePlugin" tests="1" failures="0" timestamp="23 Mar 2015 14:15:01 GMT" time="23.162" errors="0">
  <testcase name="testLinkCase" time="23.162" classname="TestModule1.TestMavenSureFirePlugin"/>
</testsuite> <!-- TestModule1.TestMavenSureFirePlugin -->
